<?xml version="1.0" encoding="UTF-8" ?>
<testsuite tests="1" failures="0" name="com.datastax.training.killrvideo.dao.cassandra.BatchStatementVideoDAOTest" time="7.243" errors="1" skipped="0">
  <properties>
[...]
</properties>
  <testcase classname="com.datastax.training.killrvideo.dao.cassandra.BatchStatementVideoDAOTest" name="com.datastax.training.killrvideo.dao.cassandra.BatchStatementVideoDAOTest" time="52.962">
    <error type="java.lang.NullPointerException">java.lang.NullPointerException
	at com.datastax.driver.mapping.MappingManager.getProtocolVersion(MappingManager.java:53)
	at com.datastax.driver.mapping.MappingManager.&lt;init&gt;(MappingManager.java:49)
	at com.datastax.training.killrvideo.util.CassandraSession.initCassandra(CassandraSession.java:32)
	at com.datastax.training.killrvideo.testutilities.AbstractDSETest.setupCassandraUtil(AbstractDSETest.java:57)
	at sun.reflect.NativeMethodAccessorImpl.invoke0(Native Method)
	at sun.reflect.NativeMethodAccessorImpl.invoke(NativeMethodAccessorImpl.java:62)
	at sun.reflect.DelegatingMethodAccessorImpl.invoke(DelegatingMethodAccessorImpl.java:43)
	at java.lang.reflect.Method.invoke(Method.java:498)
	at org.junit.runners.model.FrameworkMethod$1.runReflectiveCall(FrameworkMethod.java:44)
	at org.junit.internal.runners.model.ReflectiveCallable.run(ReflectiveCallable.java:15)
	at org.junit.runners.model.FrameworkMethod.invokeExplosively(FrameworkMethod.java:41)
	at org.junit.internal.runners.statements.RunBefores.evaluate(RunBefores.java:27)
	at org.junit.runners.ParentRunner.run(ParentRunner.java:292)
	at org.apache.maven.surefire.junit4.JUnit4TestSet.execute(JUnit4TestSet.java:35)
	at org.apache.maven.surefire.junit4.JUnit4Provider.executeTestSet(JUnit4Provider.java:115)
	at org.apache.maven.surefire.junit4.JUnit4Provider.invoke(JUnit4Provider.java:97)
	at sun.reflect.NativeMethodAccessorImpl.invoke0(Native Method)
	at sun.reflect.NativeMethodAccessorImpl.invoke(NativeMethodAccessorImpl.java:62)
	at sun.reflect.DelegatingMethodAccessorImpl.invoke(DelegatingMethodAccessorImpl.java:43)
	at java.lang.reflect.Method.invoke(Method.java:498)
	at org.apache.maven.surefire.booter.ProviderFactory$ClassLoaderProxy.invoke(ProviderFactory.java:103)
	at com.sun.proxy.$Proxy0.invoke(Unknown Source)
	at org.apache.maven.surefire.booter.SurefireStarter.invokeProvider(SurefireStarter.java:150)
	at org.apache.maven.surefire.booter.SurefireStarter.runSuitesInProcess(SurefireStarter.java:91)
	at org.apache.maven.surefire.booter.ForkedBooter.main(ForkedBooter.java:69)
</error>
    <system-out>@SLTests run: 1, Failures: 0, Errors: 1, Skipped: 0, Time elapsed: 7.041 sec &lt;&lt;&lt; FAILURE!
@SLRunning com.datastax.training.killrvideo.dao.cassandra.BatchStatementVideoDAOTest
12:19:00.509 [main] INFO  c.datastax.driver.core.ClockFactory - Using native clock to generate timestamps.
12:19:00.576 [main] INFO  c.d.d.c.p.DCAwareRoundRobinPolicy - Using data-center name &apos;DC1&apos; for DCAwareRoundRobinPolicy (if this is incorrect, please provide the correct datacenter name with DCAwareRoundRobinPolicy constructor)
12:19:00.577 [main] INFO  com.datastax.driver.core.Cluster - New Cassandra host /127.0.0.1:9042 added
12:19:03.351 [main] INFO  c.datastax.driver.core.ClockFactory - Using native clock to generate timestamps.
12:19:03.387 [main] INFO  c.d.d.c.p.DCAwareRoundRobinPolicy - Using data-center name &apos;DC1&apos; for DCAwareRoundRobinPolicy (if this is incorrect, please provide the correct datacenter name with DCAwareRoundRobinPolicy constructor)
12:19:03.388 [main] INFO  com.datastax.driver.core.Cluster - New Cassandra host /127.0.0.1:9042 added
</system-out>
  </testcase>
</testsuite>